<?xml version="1.0" encoding="UTF-8"?>
<!-- Generated by org.testng.reporters.JUnitReportReporter -->
<testsuite skipped="0" hostname="Riaz" name="Capstone.AutomationPractice7.Property" tests="2" failures="0" timestamp="2024-07-06T03:35:56 EDT" time="21.678" errors="0">
  <testcase name="f" time="9.975" classname="Capstone.AutomationPractice7.Property"/>
  <system-out/>
  <testcase name="f" time="11.703" classname="Capstone.AutomationPractice7.Property"/>
  <system-out/>
</testsuite> <!-- Capstone.AutomationPractice7.Property -->
