<?xml version="1.0" encoding="UTF-8"?>
<!-- Generated by org.testng.reporters.JUnitReportReporter -->
<testsuite skipped="0" hostname="Riaz" name="Capstone.AutomationPractice7.Points" tests="6" failures="0" timestamp="2024-07-06T03:06:19 EDT" time="61.969" errors="0">
  <testcase name="f" time="10.530" classname="Capstone.AutomationPractice7.Points"/>
  <system-out/>
  <testcase name="f" time="10.383" classname="Capstone.AutomationPractice7.Points"/>
  <system-out/>
  <testcase name="f" time="11.432" classname="Capstone.AutomationPractice7.Points"/>
  <system-out/>
  <testcase name="f" time="9.636" classname="Capstone.AutomationPractice7.Points"/>
  <system-out/>
  <testcase name="f" time="10.434" classname="Capstone.AutomationPractice7.Points"/>
  <system-out/>
  <testcase name="f" time="9.554" classname="Capstone.AutomationPractice7.Points"/>
  <system-out/>
</testsuite> <!-- Capstone.AutomationPractice7.Points -->
