<?xml version="1.0" encoding="UTF-8"?>
<!-- Generated by org.testng.reporters.JUnitReportReporter -->
<testsuite skipped="0" hostname="Riaz" name="Capstone.AutomationPractice7.TextOfVerification" tests="4" failures="0" timestamp="2024-07-04T03:26:03 EDT" time="59.867" errors="0">
  <testcase name="signin" time="9.989" classname="Capstone.AutomationPractice7.TextOfVerification"/>
  <system-out/>
  <testcase name="signin" time="10.594" classname="Capstone.AutomationPractice7.TextOfVerification"/>
  <system-out/>
  <testcase name="f" time="20.136" classname="Capstone.AutomationPractice7.TextOfVerification"/>
  <system-out/>
  <testcase name="f" time="19.148" classname="Capstone.AutomationPractice7.TextOfVerification"/>
  <system-out/>
</testsuite> <!-- Capstone.AutomationPractice7.TextOfVerification -->
