<?xml version="1.0" encoding="UTF-8"?>
<!-- Generated by org.testng.reporters.JUnitReportReporter -->
<testsuite skipped="0" hostname="Riaz" name="Capstone.AutomationPractice7.TestNGAnnotations" tests="1" failures="0" timestamp="2024-06-19T02:09:07 EDT" time="0.003" errors="0">
  <testcase name="f" time="0.003" classname="Capstone.AutomationPractice7.TestNGAnnotations"/>
  <system-out/>
</testsuite> <!-- Capstone.AutomationPractice7.TestNGAnnotations -->
